0 info it worked if it ends with ok
1 verbose cli [ '/usr/local/opt/nvm/v0.10.35/bin/node',
1 verbose cli   '/usr/local/opt/nvm/v0.10.35/bin/npm',
1 verbose cli   'install',
1 verbose cli   'grunt-proccesshtml',
1 verbose cli   '--save-dev' ]
2 info using npm@1.4.28
3 info using node@v0.10.35
4 verbose node symlink /usr/local/opt/nvm/v0.10.35/bin/node
5 warn package.json angularApp@1.0.0 No repository field.
6 verbose readDependencies using package.json deps
7 verbose cache add [ 'grunt-proccesshtml', null ]
8 verbose cache add name=undefined spec="grunt-proccesshtml" args=["grunt-proccesshtml",null]
9 verbose parsed url { protocol: null,
9 verbose parsed url   slashes: null,
9 verbose parsed url   auth: null,
9 verbose parsed url   host: null,
9 verbose parsed url   port: null,
9 verbose parsed url   hostname: null,
9 verbose parsed url   hash: null,
9 verbose parsed url   search: null,
9 verbose parsed url   query: null,
9 verbose parsed url   pathname: 'grunt-proccesshtml',
9 verbose parsed url   path: 'grunt-proccesshtml',
9 verbose parsed url   href: 'grunt-proccesshtml' }
10 silly lockFile 20c5b3a7-grunt-proccesshtml grunt-proccesshtml
11 verbose lock grunt-proccesshtml /Users/josornoc/.npm/20c5b3a7-grunt-proccesshtml.lock
12 silly lockFile 20c5b3a7-grunt-proccesshtml grunt-proccesshtml
13 silly lockFile 20c5b3a7-grunt-proccesshtml grunt-proccesshtml
14 verbose addNamed [ 'grunt-proccesshtml', '' ]
15 verbose addNamed [ null, '*' ]
16 silly lockFile 0cc1c98c-grunt-proccesshtml grunt-proccesshtml@
17 verbose lock grunt-proccesshtml@ /Users/josornoc/.npm/0cc1c98c-grunt-proccesshtml.lock
18 silly addNameRange { name: 'grunt-proccesshtml', range: '*', hasData: false }
19 verbose request where is /grunt-proccesshtml
20 verbose request registry https://registry.npmjs.org/
21 verbose request id 167154448eda6270
22 verbose url raw /grunt-proccesshtml
23 verbose url resolving [ 'https://registry.npmjs.org/', './grunt-proccesshtml' ]
24 verbose url resolved https://registry.npmjs.org/grunt-proccesshtml
25 verbose request where is https://registry.npmjs.org/grunt-proccesshtml
26 info trying registry request attempt 1 at 12:13:37
27 http GET https://registry.npmjs.org/grunt-proccesshtml
28 http 404 https://registry.npmjs.org/grunt-proccesshtml
29 verbose headers { date: 'Thu, 12 Feb 2015 11:13:26 GMT',
29 verbose headers   server: 'CouchDB/1.5.0 (Erlang OTP/R16B03)',
29 verbose headers   'content-type': 'application/json',
29 verbose headers   'cache-control': 'max-age=0',
29 verbose headers   'content-length': '52',
29 verbose headers   'accept-ranges': 'bytes',
29 verbose headers   via: '1.1 varnish',
29 verbose headers   age: '0',
29 verbose headers   'x-served-by': 'cache-ams4145-AMS',
29 verbose headers   'x-cache': 'MISS',
29 verbose headers   'x-cache-hits': '0',
29 verbose headers   'x-timer': 'S1423739606.514086,VS0,VE167',
29 verbose headers   'keep-alive': 'timeout=10, max=50',
29 verbose headers   connection: 'Keep-Alive' }
30 silly registry.get cb [ 404,
30 silly registry.get   { date: 'Thu, 12 Feb 2015 11:13:26 GMT',
30 silly registry.get     server: 'CouchDB/1.5.0 (Erlang OTP/R16B03)',
30 silly registry.get     'content-type': 'application/json',
30 silly registry.get     'cache-control': 'max-age=0',
30 silly registry.get     'content-length': '52',
30 silly registry.get     'accept-ranges': 'bytes',
30 silly registry.get     via: '1.1 varnish',
30 silly registry.get     age: '0',
30 silly registry.get     'x-served-by': 'cache-ams4145-AMS',
30 silly registry.get     'x-cache': 'MISS',
30 silly registry.get     'x-cache-hits': '0',
30 silly registry.get     'x-timer': 'S1423739606.514086,VS0,VE167',
30 silly registry.get     'keep-alive': 'timeout=10, max=50',
30 silly registry.get     connection: 'Keep-Alive' } ]
31 silly lockFile 0cc1c98c-grunt-proccesshtml grunt-proccesshtml@
32 silly lockFile 0cc1c98c-grunt-proccesshtml grunt-proccesshtml@
33 error 404 404 Not Found: grunt-proccesshtml
33 error 404
33 error 404 'grunt-proccesshtml' is not in the npm registry.
33 error 404 You should bug the author to publish it
33 error 404 It was specified as a dependency of 'angularApp'
33 error 404
33 error 404 Note that you can also install from a
33 error 404 tarball, folder, or http url, or git url.
34 error System Darwin 11.4.2
35 error command "/usr/local/opt/nvm/v0.10.35/bin/node" "/usr/local/opt/nvm/v0.10.35/bin/npm" "install" "grunt-proccesshtml" "--save-dev"
36 error cwd /Users/josornoc/ironhack/josornoc.github.io/course/jsClass/day3/tools/angularApp
37 error node -v v0.10.35
38 error npm -v 1.4.28
39 error code E404
40 verbose exit [ 1, true ]
